0 info it worked if it ends with ok
1 verbose cli [ '/usr/bin/node', '/usr/bin/npm', 'run', 'large-serve' ]
2 info using npm@3.5.2
3 info using node@v8.10.0
4 verbose run-script [ 'prelarge-serve', 'large-serve', 'postlarge-serve' ]
5 info lifecycle spurtcommerce@4.5.0~prelarge-serve: spurtcommerce@4.5.0
6 silly lifecycle spurtcommerce@4.5.0~prelarge-serve: no script for prelarge-serve, continuing
7 info lifecycle spurtcommerce@4.5.0~large-serve: spurtcommerce@4.5.0
8 verbose lifecycle spurtcommerce@4.5.0~large-serve: unsafe-perm in lifecycle true
9 verbose lifecycle spurtcommerce@4.5.0~large-serve: PATH: /usr/share/npm/bin/node-gyp-bin:/home/picco/spurtcommerce-main-angular/admin/node_modules/.bin:/usr/local/sbin:/usr/local/bin:/usr/sbin:/usr/bin:/sbin:/bin:/usr/games:/usr/local/games:/snap/bin
10 verbose lifecycle spurtcommerce@4.5.0~large-serve: CWD: /home/picco/spurtcommerce-main-angular/admin
11 silly lifecycle spurtcommerce@4.5.0~large-serve: Args: [ '-c',
11 silly lifecycle   'node --max_old_space_size=8048 ./node_modules/@angular/cli/bin/ng serve' ]
12 silly lifecycle spurtcommerce@4.5.0~large-serve: Returned: code: 3  signal: null
13 info lifecycle spurtcommerce@4.5.0~large-serve: Failed to exec large-serve script
14 verbose stack Error: spurtcommerce@4.5.0 large-serve: `node --max_old_space_size=8048 ./node_modules/@angular/cli/bin/ng serve`
14 verbose stack Exit status 3
14 verbose stack     at EventEmitter.<anonymous> (/usr/share/npm/lib/utils/lifecycle.js:232:16)
14 verbose stack     at emitTwo (events.js:126:13)
14 verbose stack     at EventEmitter.emit (events.js:214:7)
14 verbose stack     at ChildProcess.<anonymous> (/usr/share/npm/lib/utils/spawn.js:24:14)
14 verbose stack     at emitTwo (events.js:126:13)
14 verbose stack     at ChildProcess.emit (events.js:214:7)
14 verbose stack     at maybeClose (internal/child_process.js:925:16)
14 verbose stack     at Process.ChildProcess._handle.onexit (internal/child_process.js:209:5)
15 verbose pkgid spurtcommerce@4.5.0
16 verbose cwd /home/picco/spurtcommerce-main-angular/admin
17 error Linux 5.4.0-131-generic
18 error argv "/usr/bin/node" "/usr/bin/npm" "run" "large-serve"
19 error node v8.10.0
20 error npm  v3.5.2
21 error code ELIFECYCLE
22 error spurtcommerce@4.5.0 large-serve: `node --max_old_space_size=8048 ./node_modules/@angular/cli/bin/ng serve`
22 error Exit status 3
23 error Failed at the spurtcommerce@4.5.0 large-serve script 'node --max_old_space_size=8048 ./node_modules/@angular/cli/bin/ng serve'.
23 error Make sure you have the latest version of node.js and npm installed.
23 error If you do, this is most likely a problem with the spurtcommerce package,
23 error not with npm itself.
23 error Tell the author that this fails on your system:
23 error     node --max_old_space_size=8048 ./node_modules/@angular/cli/bin/ng serve
23 error You can get information on how to open an issue for this project with:
23 error     npm bugs spurtcommerce
23 error Or if that isn't available, you can get their info via:
23 error     npm owner ls spurtcommerce
23 error There is likely additional logging output above.
24 verbose exit [ 1, true ]
